<?xml version="1.0" encoding="UTF-8"?>
<!-- Generated by org.testng.reporters.JUnitReportReporter -->
<testsuite hostname="DESKTOP-RA01EM1" failures="0" tests="1" name="TestCases.VrifyRegester" time="17.829" errors="0" timestamp="2023-10-19T11:44:14 IST" skipped="0">
  <testcase classname="TestCases.VrifyRegester" name="Regester" time="17.829"/>
  <system-out/>
</testsuite> <!-- TestCases.VrifyRegester -->
