<?xml version="1.0" encoding="UTF-8"?>
<!-- Generated by org.testng.reporters.JUnitReportReporter -->
<testsuite hostname="DESKTOP-RA01EM1" failures="0" tests="1" name="TestCases.VerifyLogIn" time="8.669" errors="0" timestamp="2023-10-16T14:32:49 IST" skipped="0">
  <testcase classname="TestCases.VerifyLogIn" name="Login" time="8.669"/>
  <system-out/>
</testsuite> <!-- TestCases.VerifyLogIn -->
