<?xml version="1.0" encoding="UTF-8"?>
<!-- Generated by org.testng.reporters.JUnitReportReporter -->
<testsuite hostname="DESKTOP-RA01EM1" failures="0" tests="1" name="TestCases.VrifyRegester" time="16.683" errors="0" timestamp="2023-10-19T17:39:24 IST" skipped="0">
  <testcase classname="TestCases.VrifyRegester" name="Regester" time="16.683"/>
  <system-out/>
</testsuite> <!-- TestCases.VrifyRegester -->
