<?xml version="1.0" encoding="UTF-8"?>
<!-- Generated by org.testng.reporters.JUnitReportReporter -->
<testsuite hostname="DESKTOP-RA01EM1" failures="0" tests="1" name="TestCases.billpayment" time="18.809" errors="0" timestamp="2023-10-19T17:39:24 IST" skipped="0">
  <testcase classname="TestCases.billpayment" name="Login" time="18.809"/>
  <system-out/>
</testsuite> <!-- TestCases.billpayment -->
